<?xml version="1.0" encoding="UTF-8"?>
<testng-results ignored="0" total="1" passed="1" failed="0" skipped="0">
  <reporter-output>
  </reporter-output>
  <suite started-at="2024-01-05T10:27:52Z" name="Default suite" finished-at="2024-01-05T10:28:20Z" duration-ms="28458">
    <groups>
    </groups>
    <test started-at="2024-01-05T10:27:52Z" name="Default test" finished-at="2024-01-05T10:28:20Z" duration-ms="28458">
      <class name="mobile_hybrid.Test_Main">
        <test-method is-config="true" signature="capability()[pri:0, instance:mobile_hybrid.Test_Main@5965d37]" started-at="2024-01-05T10:27:52Z" name="capability" finished-at="2024-01-05T10:27:57Z" duration-ms="4950" status="PASS">
          <reporter-output>
          </reporter-output>
        </test-method> <!-- capability -->
        <test-method signature="test1()[pri:0, instance:mobile_hybrid.Test_Main@5965d37]" started-at="2024-01-05T10:27:57Z" name="test1" finished-at="2024-01-05T10:28:20Z" duration-ms="23489" status="PASS">
          <reporter-output>
          </reporter-output>
        </test-method> <!-- test1 -->
      </class> <!-- mobile_hybrid.Test_Main -->
    </test> <!-- Default test -->
  </suite> <!-- Default suite -->
</testng-results>
